<!DOCTYPE html PUBLIC "-//W3C//DTD XHTML 1.1//EN" "http://www.w3.org/TR/xhtml11/DTD/xhtml11.dtd">
<html xmlns="http://www.w3.org/1999/xhtml">
<head>
<meta http-equiv="content-type" content="text/html; charset=UTF-8"/>
<title>TestNG Report</title>
<style type="text/css">table {margin-bottom:10px;border-collapse:collapse;empty-cells:show}th,td {border:1px solid #009;padding:.25em .5em}th {vertical-align:bottom}td {vertical-align:top}table a {font-weight:bold}.stripe td {background-color: #E6EBF9}.num {text-align:right}.passedodd td {background-color: #3F3}.passedeven td {background-color: #0A0}.skippedodd td {background-color: #DDD}.skippedeven td {background-color: #CCC}.failedodd td,.attn {background-color: #F33}.failedeven td,.stripe .attn {background-color: #D00}.stacktrace {white-space:pre;font-family:monospace}.totop {font-size:85%;text-align:center;border-bottom:2px solid #000}.invisible {display:none}</style>
</head>
<body>
<table>
<tr><th>Test</th><th># Passed</th><th># Skipped</th><th># Retried</th><th># Failed</th><th>Time (ms)</th><th>Included Groups</th><th>Excluded Groups</th></tr>
<tr><th colspan="7">DisplayBookShelves</th></tr>
<tr><td><a href="#t0">Test</a></td><td class="num">7</td><td class="num attn">14</td><td class="num">0</td><td class="num attn">8</td><td class="num">225,144</td><td>Regression Test, Smoke Test</td><td></td></tr>
</table>
<table id='summary'><thead><tr><th>Class</th><th>Method</th><th>Start</th><th>Time (ms)</th></tr></thead><tbody><tr><th colspan="4">DisplayBookShelves</th></tr></tbody><tbody id="t0"><tr><th colspan="4">Test &#8212; failed (configuration methods)</th></tr><tr class="failedeven"><td rowspan="1">com.ul.qa.testcases.ValidateBookDetails</td><td><a href="#m0">initialiseSetUp</a></td><td rowspan="1">1615806924804</td><td rowspan="1">12885</td></tr><tr class="failedodd"><td rowspan="1">com.ul.qa.testcases.ValidateChairDetails</td><td><a href="#m1">initialiseSetUp</a></td><td rowspan="1">1615806937824</td><td rowspan="1">9471</td></tr><tr><th colspan="4">Test &#8212; failed</th></tr><tr class="failedeven"><td rowspan="8">com.ul.qa.testcases.ValidateGiftCardEntry</td><td><a href="#m2">AmountTextBoxTest</a></td><td rowspan="1">1615807148779</td><td rowspan="1">57</td></tr><tr class="failedeven"><td><a href="#m3">RecipientEmailTest</a></td><td rowspan="1">1615807148891</td><td rowspan="1">49</td></tr><tr class="failedeven"><td><a href="#m4">RecipientNameTest</a></td><td rowspan="1">1615807148842</td><td rowspan="1">45</td></tr><tr class="failedeven"><td><a href="#m5">errorMessageTest</a></td><td rowspan="1">1615807149028</td><td rowspan="1">35</td></tr><tr class="failedeven"><td><a href="#m6">screenShotTest</a></td><td rowspan="1">1615807149065</td><td rowspan="1">31</td></tr><tr class="failedeven"><td><a href="#m7">selectCardTest</a></td><td rowspan="1">1615807148600</td><td rowspan="1">176</td></tr><tr class="failedeven"><td><a href="#m8">senderNameTest</a></td><td rowspan="1">1615807148943</td><td rowspan="1">38</td></tr><tr class="failedeven"><td><a href="#m9">senderNoTest</a></td><td rowspan="1">1615807148984</td><td rowspan="1">42</td></tr><tr><th colspan="4">Test &#8212; skipped (configuration methods)</th></tr><tr class="skippedeven"><td rowspan="1">com.ul.qa.testcases.ValidateBookDetails</td><td><a href="#m10">tearDown</a></td><td rowspan="1">1615806937824</td><td rowspan="1">-1615806937824</td></tr><tr class="skippedodd"><td rowspan="1">com.ul.qa.testcases.ValidateChairDetails</td><td><a href="#m11">tearDown</a></td><td rowspan="1">1615806947343</td><td rowspan="1">-1615806947343</td></tr><tr><th colspan="4">Test &#8212; skipped</th></tr><tr class="skippedeven"><td rowspan="9">com.ul.qa.testcases.ValidateBookDetails</td><td><a href="#m12">RecommandationTest</a></td><td rowspan="1">1615806937819</td><td rowspan="1">0</td></tr><tr class="skippedeven"><td><a href="#m13">bookDetailsTest</a></td><td rowspan="1">1615806937822</td><td rowspan="1">0</td></tr><tr class="skippedeven"><td><a href="#m14">categoryTest</a></td><td rowspan="1">1615806937811</td><td rowspan="1">0</td></tr><tr class="skippedeven"><td><a href="#m15">closePopUpTest</a></td><td rowspan="1">1615806937805</td><td rowspan="1">0</td></tr><tr class="skippedeven"><td><a href="#m16">homePageTitleTest</a></td><td rowspan="1">1615806937800</td><td rowspan="1">0</td></tr><tr class="skippedeven"><td><a href="#m17">outOfStockTest</a></td><td rowspan="1">1615806937817</td><td rowspan="1">0</td></tr><tr class="skippedeven"><td><a href="#m18">searchBoxTest</a></td><td rowspan="1">1615806937807</td><td rowspan="1">0</td></tr><tr class="skippedeven"><td><a href="#m19">searchButtonTest</a></td><td rowspan="1">1615806937809</td><td rowspan="1">0</td></tr><tr class="skippedeven"><td><a href="#m20">storageTypeTest</a></td><td rowspan="1">1615806937813</td><td rowspan="1">0</td></tr><tr class="skippedodd"><td rowspan="5">com.ul.qa.testcases.ValidateChairDetails</td><td><a href="#m21">chairDetailsTest</a></td><td rowspan="1">1615806947338</td><td rowspan="1">1</td></tr><tr class="skippedodd"><td><a href="#m22">closePopUpTest</a></td><td rowspan="1">1615806947313</td><td rowspan="1">0</td></tr><tr class="skippedodd"><td><a href="#m23">homePageTitleTest</a></td><td rowspan="1">1615806947301</td><td rowspan="1">0</td></tr><tr class="skippedodd"><td><a href="#m24">searchBoxTest</a></td><td rowspan="1">1615806947327</td><td rowspan="1">0</td></tr><tr class="skippedodd"><td><a href="#m25">searchButtonTest</a></td><td rowspan="1">1615806947331</td><td rowspan="1">0</td></tr><tr><th colspan="4">Test &#8212; passed</th></tr><tr class="passedeven"><td rowspan="3">com.ul.qa.testcases.ValidateGiftCardEntry</td><td><a href="#m26">GiftCardButtonTest</a></td><td rowspan="1">1615807119131</td><td rowspan="1">29465</td></tr><tr class="passedeven"><td><a href="#m27">closePopUpTest</a></td><td rowspan="1">1615807114590</td><td rowspan="1">4538</td></tr><tr class="passedeven"><td><a href="#m28">homePageTitleTest</a></td><td rowspan="1">1615807106534</td><td rowspan="1">8055</td></tr><tr class="passedodd"><td rowspan="4">com.ul.qa.testcases.ValidateSubMenu</td><td><a href="#m29">CollectionButtonTest</a></td><td rowspan="1">1615807024646</td><td rowspan="1">11148</td></tr><tr class="passedodd"><td><a href="#m30">closePopUpTest</a></td><td rowspan="1">1615807019959</td><td rowspan="1">4684</td></tr><tr class="passedodd"><td><a href="#m31">homePageTitleTest</a></td><td rowspan="1">1615807007455</td><td rowspan="1">12501</td></tr><tr class="passedodd"><td><a href="#m32">subMenuTest</a></td><td rowspan="1">1615807035795</td><td rowspan="1">3588</td></tr></tbody>
</table>
<h2>Test</h2><h3 id="m0">com.ul.qa.testcases.ValidateBookDetails#initialiseSetUp</h3><table class="result"><tr><th>Messages</th></tr><tr><td><div class="messages">Browser not exist</div></td></tr><tr><th>Exception</th></tr><tr><td><div class="stacktrace">java.lang.NullPointerException: Cannot invoke &quot;org.openqa.selenium.WebDriver.manage()&quot; because &quot;com.ul.qa.base.TestBase.driver&quot; is null
	at com.ul.qa.base.TestBase.driver(TestBase.java:45)
	at com.ul.qa.testcases.ValidateBookDetails.initialiseSetUp(ValidateBookDetails.java:24)
	at java.base/java.util.ArrayList.forEach(ArrayList.java:1511)
... Removed 25 stack frames</div></td></tr></table><p class="totop"><a href="#summary">back to summary</a></p>
<h3 id="m1">com.ul.qa.testcases.ValidateChairDetails#initialiseSetUp</h3><table class="result"><tr><th>Messages</th></tr><tr><td><div class="messages">Browser not exist</div></td></tr><tr><th>Exception</th></tr><tr><td><div class="stacktrace">java.lang.NullPointerException: Cannot invoke &quot;org.openqa.selenium.WebDriver.manage()&quot; because &quot;com.ul.qa.base.TestBase.driver&quot; is null
	at com.ul.qa.base.TestBase.driver(TestBase.java:45)
	at com.ul.qa.testcases.ValidateChairDetails.initialiseSetUp(ValidateChairDetails.java:24)
	at java.base/java.util.ArrayList.forEach(ArrayList.java:1511)
... Removed 25 stack frames</div></td></tr></table><p class="totop"><a href="#summary">back to summary</a></p>
<h3 id="m2">com.ul.qa.testcases.ValidateGiftCardEntry#AmountTextBoxTest</h3><table class="result"><tr><th>Exception</th></tr><tr><td><div class="stacktrace">org.openqa.selenium.NoSuchWindowException: no such window: target window already closed
from unknown error: web view not found
  (Session info: chrome=89.0.4389.82)
Build info: version: &apos;3.141.59&apos;, revision: &apos;e82be7d358&apos;, time: &apos;2018-11-14T08:17:03&apos;
System info: host: &apos;LAPTOP-7NUDA82T&apos;, ip: &apos;192.168.1.100&apos;, os.name: &apos;Windows 10&apos;, os.arch: &apos;amd64&apos;, os.version: &apos;10.0&apos;, java.version: &apos;15.0.2&apos;
Driver info: org.openqa.selenium.chrome.ChromeDriver
Capabilities {acceptInsecureCerts: false, browserName: chrome, browserVersion: 89.0.4389.82, chrome: {chromedriverVersion: 89.0.4389.23 (61b08ee2c5002..., userDataDir: C:\Users\HP\AppData\Local\T...}, goog:chromeOptions: {debuggerAddress: localhost:53593}, javascriptEnabled: true, networkConnectionEnabled: false, pageLoadStrategy: normal, platform: WINDOWS, platformName: WINDOWS, proxy: Proxy(), setWindowRect: true, strictFileInteractability: false, timeouts: {implicit: 0, pageLoad: 300000, script: 30000}, unhandledPromptBehavior: dismiss and notify, webauthn:extension:largeBlob: true, webauthn:virtualAuthenticators: true}
Session ID: e7884a3564856c0e85f91769d6acd9e3
*** Element info: {Using=xpath, value=//*[@id=&quot;ip_2251506436&quot;]}
	at org.openqa.selenium.remote.http.W3CHttpResponseCodec.createException(W3CHttpResponseCodec.java:187)
	at org.openqa.selenium.remote.http.W3CHttpResponseCodec.decode(W3CHttpResponseCodec.java:122)
	at org.openqa.selenium.remote.http.W3CHttpResponseCodec.decode(W3CHttpResponseCodec.java:49)
	at org.openqa.selenium.remote.HttpCommandExecutor.execute(HttpCommandExecutor.java:158)
	at org.openqa.selenium.remote.service.DriverCommandExecutor.execute(DriverCommandExecutor.java:83)
	at org.openqa.selenium.remote.RemoteWebDriver.execute(RemoteWebDriver.java:552)
	at org.openqa.selenium.remote.RemoteWebDriver.findElement(RemoteWebDriver.java:323)
	at org.openqa.selenium.remote.RemoteWebDriver.findElementByXPath(RemoteWebDriver.java:428)
	at org.openqa.selenium.By$ByXPath.findElement(By.java:353)
	at org.openqa.selenium.remote.RemoteWebDriver.findElement(RemoteWebDriver.java:315)
	at com.ul.qa.pages.GiftCardPage.setAmount(GiftCardPage.java:82)
	at com.ul.qa.testcases.ValidateGiftCardEntry.AmountTextBoxTest(ValidateGiftCardEntry.java:65)
	at java.base/java.util.ArrayList.forEach(ArrayList.java:1511)
... Removed 32 stack frames</div></td></tr></table><p class="totop"><a href="#summary">back to summary</a></p>
<h3 id="m3">com.ul.qa.testcases.ValidateGiftCardEntry#RecipientEmailTest</h3><table class="result"><tr><th>Exception</th></tr><tr><td><div class="stacktrace">org.openqa.selenium.NoSuchWindowException: no such window: target window already closed
from unknown error: web view not found
  (Session info: chrome=89.0.4389.82)
Build info: version: &apos;3.141.59&apos;, revision: &apos;e82be7d358&apos;, time: &apos;2018-11-14T08:17:03&apos;
System info: host: &apos;LAPTOP-7NUDA82T&apos;, ip: &apos;192.168.1.100&apos;, os.name: &apos;Windows 10&apos;, os.arch: &apos;amd64&apos;, os.version: &apos;10.0&apos;, java.version: &apos;15.0.2&apos;
Driver info: org.openqa.selenium.chrome.ChromeDriver
Capabilities {acceptInsecureCerts: false, browserName: chrome, browserVersion: 89.0.4389.82, chrome: {chromedriverVersion: 89.0.4389.23 (61b08ee2c5002..., userDataDir: C:\Users\HP\AppData\Local\T...}, goog:chromeOptions: {debuggerAddress: localhost:53593}, javascriptEnabled: true, networkConnectionEnabled: false, pageLoadStrategy: normal, platform: WINDOWS, platformName: WINDOWS, proxy: Proxy(), setWindowRect: true, strictFileInteractability: false, timeouts: {implicit: 0, pageLoad: 300000, script: 30000}, unhandledPromptBehavior: dismiss and notify, webauthn:extension:largeBlob: true, webauthn:virtualAuthenticators: true}
Session ID: e7884a3564856c0e85f91769d6acd9e3
*** Element info: {Using=xpath, value=//*[@id=&quot;ip_4081352456&quot;]}
	at org.openqa.selenium.remote.http.W3CHttpResponseCodec.createException(W3CHttpResponseCodec.java:187)
	at org.openqa.selenium.remote.http.W3CHttpResponseCodec.decode(W3CHttpResponseCodec.java:122)
	at org.openqa.selenium.remote.http.W3CHttpResponseCodec.decode(W3CHttpResponseCodec.java:49)
	at org.openqa.selenium.remote.HttpCommandExecutor.execute(HttpCommandExecutor.java:158)
	at org.openqa.selenium.remote.service.DriverCommandExecutor.execute(DriverCommandExecutor.java:83)
	at org.openqa.selenium.remote.RemoteWebDriver.execute(RemoteWebDriver.java:552)
	at org.openqa.selenium.remote.RemoteWebDriver.findElement(RemoteWebDriver.java:323)
	at org.openqa.selenium.remote.RemoteWebDriver.findElementByXPath(RemoteWebDriver.java:428)
	at org.openqa.selenium.By$ByXPath.findElement(By.java:353)
	at org.openqa.selenium.remote.RemoteWebDriver.findElement(RemoteWebDriver.java:315)
	at com.ul.qa.pages.GiftCardPage.enterRecipientEmail(GiftCardPage.java:100)
	at com.ul.qa.testcases.ValidateGiftCardEntry.RecipientEmailTest(ValidateGiftCardEntry.java:79)
	at java.base/java.util.ArrayList.forEach(ArrayList.java:1511)
... Removed 32 stack frames</div></td></tr></table><p class="totop"><a href="#summary">back to summary</a></p>
<h3 id="m4">com.ul.qa.testcases.ValidateGiftCardEntry#RecipientNameTest</h3><table class="result"><tr><th>Exception</th></tr><tr><td><div class="stacktrace">org.openqa.selenium.NoSuchWindowException: no such window: target window already closed
from unknown error: web view not found
  (Session info: chrome=89.0.4389.82)
Build info: version: &apos;3.141.59&apos;, revision: &apos;e82be7d358&apos;, time: &apos;2018-11-14T08:17:03&apos;
System info: host: &apos;LAPTOP-7NUDA82T&apos;, ip: &apos;192.168.1.100&apos;, os.name: &apos;Windows 10&apos;, os.arch: &apos;amd64&apos;, os.version: &apos;10.0&apos;, java.version: &apos;15.0.2&apos;
Driver info: org.openqa.selenium.chrome.ChromeDriver
Capabilities {acceptInsecureCerts: false, browserName: chrome, browserVersion: 89.0.4389.82, chrome: {chromedriverVersion: 89.0.4389.23 (61b08ee2c5002..., userDataDir: C:\Users\HP\AppData\Local\T...}, goog:chromeOptions: {debuggerAddress: localhost:53593}, javascriptEnabled: true, networkConnectionEnabled: false, pageLoadStrategy: normal, platform: WINDOWS, platformName: WINDOWS, proxy: Proxy(), setWindowRect: true, strictFileInteractability: false, timeouts: {implicit: 0, pageLoad: 300000, script: 30000}, unhandledPromptBehavior: dismiss and notify, webauthn:extension:largeBlob: true, webauthn:virtualAuthenticators: true}
Session ID: e7884a3564856c0e85f91769d6acd9e3
*** Element info: {Using=xpath, value=//*[@id=&quot;ip_4036288348&quot;]}
	at org.openqa.selenium.remote.http.W3CHttpResponseCodec.createException(W3CHttpResponseCodec.java:187)
	at org.openqa.selenium.remote.http.W3CHttpResponseCodec.decode(W3CHttpResponseCodec.java:122)
	at org.openqa.selenium.remote.http.W3CHttpResponseCodec.decode(W3CHttpResponseCodec.java:49)
	at org.openqa.selenium.remote.HttpCommandExecutor.execute(HttpCommandExecutor.java:158)
	at org.openqa.selenium.remote.service.DriverCommandExecutor.execute(DriverCommandExecutor.java:83)
	at org.openqa.selenium.remote.RemoteWebDriver.execute(RemoteWebDriver.java:552)
	at org.openqa.selenium.remote.RemoteWebDriver.findElement(RemoteWebDriver.java:323)
	at org.openqa.selenium.remote.RemoteWebDriver.findElementByXPath(RemoteWebDriver.java:428)
	at org.openqa.selenium.By$ByXPath.findElement(By.java:353)
	at org.openqa.selenium.remote.RemoteWebDriver.findElement(RemoteWebDriver.java:315)
	at com.ul.qa.pages.GiftCardPage.enterRecipientName(GiftCardPage.java:94)
	at com.ul.qa.testcases.ValidateGiftCardEntry.RecipientNameTest(ValidateGiftCardEntry.java:72)
	at java.base/java.util.ArrayList.forEach(ArrayList.java:1511)
... Removed 32 stack frames</div></td></tr></table><p class="totop"><a href="#summary">back to summary</a></p>
<h3 id="m5">com.ul.qa.testcases.ValidateGiftCardEntry#errorMessageTest</h3><table class="result"><tr><th>Exception</th></tr><tr><td><div class="stacktrace">org.openqa.selenium.NoSuchWindowException: no such window: target window already closed
from unknown error: web view not found
  (Session info: chrome=89.0.4389.82)
Build info: version: &apos;3.141.59&apos;, revision: &apos;e82be7d358&apos;, time: &apos;2018-11-14T08:17:03&apos;
System info: host: &apos;LAPTOP-7NUDA82T&apos;, ip: &apos;192.168.1.100&apos;, os.name: &apos;Windows 10&apos;, os.arch: &apos;amd64&apos;, os.version: &apos;10.0&apos;, java.version: &apos;15.0.2&apos;
Driver info: org.openqa.selenium.chrome.ChromeDriver
Capabilities {acceptInsecureCerts: false, browserName: chrome, browserVersion: 89.0.4389.82, chrome: {chromedriverVersion: 89.0.4389.23 (61b08ee2c5002..., userDataDir: C:\Users\HP\AppData\Local\T...}, goog:chromeOptions: {debuggerAddress: localhost:53593}, javascriptEnabled: true, networkConnectionEnabled: false, pageLoadStrategy: normal, platform: WINDOWS, platformName: WINDOWS, proxy: Proxy(), setWindowRect: true, strictFileInteractability: false, timeouts: {implicit: 0, pageLoad: 300000, script: 30000}, unhandledPromptBehavior: dismiss and notify, webauthn:extension:largeBlob: true, webauthn:virtualAuthenticators: true}
Session ID: e7884a3564856c0e85f91769d6acd9e3
*** Element info: {Using=id, value=ip_137656023}
	at org.openqa.selenium.remote.http.W3CHttpResponseCodec.createException(W3CHttpResponseCodec.java:187)
	at org.openqa.selenium.remote.http.W3CHttpResponseCodec.decode(W3CHttpResponseCodec.java:122)
	at org.openqa.selenium.remote.http.W3CHttpResponseCodec.decode(W3CHttpResponseCodec.java:49)
	at org.openqa.selenium.remote.HttpCommandExecutor.execute(HttpCommandExecutor.java:158)
	at org.openqa.selenium.remote.service.DriverCommandExecutor.execute(DriverCommandExecutor.java:83)
	at org.openqa.selenium.remote.RemoteWebDriver.execute(RemoteWebDriver.java:552)
	at org.openqa.selenium.remote.RemoteWebDriver.findElement(RemoteWebDriver.java:323)
	at org.openqa.selenium.remote.RemoteWebDriver.findElementById(RemoteWebDriver.java:372)
	at org.openqa.selenium.By$ById.findElement(By.java:188)
	at org.openqa.selenium.remote.RemoteWebDriver.findElement(RemoteWebDriver.java:315)
	at com.ul.qa.pages.GiftCardPage.displayErrorMessage(GiftCardPage.java:118)
	at com.ul.qa.testcases.ValidateGiftCardEntry.errorMessageTest(ValidateGiftCardEntry.java:100)
	at java.base/java.util.ArrayList.forEach(ArrayList.java:1511)
... Removed 32 stack frames</div></td></tr></table><p class="totop"><a href="#summary">back to summary</a></p>
<h3 id="m6">com.ul.qa.testcases.ValidateGiftCardEntry#screenShotTest</h3><table class="result"><tr><th>Exception</th></tr><tr><td><div class="stacktrace">org.openqa.selenium.NoSuchWindowException: no such window: target window already closed
from unknown error: web view not found
  (Session info: chrome=89.0.4389.82)
Build info: version: &apos;3.141.59&apos;, revision: &apos;e82be7d358&apos;, time: &apos;2018-11-14T08:17:03&apos;
System info: host: &apos;LAPTOP-7NUDA82T&apos;, ip: &apos;192.168.1.100&apos;, os.name: &apos;Windows 10&apos;, os.arch: &apos;amd64&apos;, os.version: &apos;10.0&apos;, java.version: &apos;15.0.2&apos;
Driver info: org.openqa.selenium.chrome.ChromeDriver
Capabilities {acceptInsecureCerts: false, browserName: chrome, browserVersion: 89.0.4389.82, chrome: {chromedriverVersion: 89.0.4389.23 (61b08ee2c5002..., userDataDir: C:\Users\HP\AppData\Local\T...}, goog:chromeOptions: {debuggerAddress: localhost:53593}, javascriptEnabled: true, networkConnectionEnabled: false, pageLoadStrategy: normal, platform: WINDOWS, platformName: WINDOWS, proxy: Proxy(), setWindowRect: true, strictFileInteractability: false, timeouts: {implicit: 0, pageLoad: 300000, script: 30000}, unhandledPromptBehavior: dismiss and notify, webauthn:extension:largeBlob: true, webauthn:virtualAuthenticators: true}
Session ID: e7884a3564856c0e85f91769d6acd9e3
	at org.openqa.selenium.remote.http.W3CHttpResponseCodec.createException(W3CHttpResponseCodec.java:187)
	at org.openqa.selenium.remote.http.W3CHttpResponseCodec.decode(W3CHttpResponseCodec.java:122)
	at org.openqa.selenium.remote.http.W3CHttpResponseCodec.decode(W3CHttpResponseCodec.java:49)
	at org.openqa.selenium.remote.HttpCommandExecutor.execute(HttpCommandExecutor.java:158)
	at org.openqa.selenium.remote.service.DriverCommandExecutor.execute(DriverCommandExecutor.java:83)
	at org.openqa.selenium.remote.RemoteWebDriver.execute(RemoteWebDriver.java:552)
	at org.openqa.selenium.remote.RemoteWebDriver.execute(RemoteWebDriver.java:609)
	at org.openqa.selenium.remote.RemoteWebDriver.getScreenshotAs(RemoteWebDriver.java:295)
	at com.ul.qa.pages.GiftCardPage.takeScreenShot(GiftCardPage.java:130)
	at com.ul.qa.testcases.ValidateGiftCardEntry.screenShotTest(ValidateGiftCardEntry.java:108)
	at java.base/java.util.ArrayList.forEach(ArrayList.java:1511)
... Removed 32 stack frames</div></td></tr></table><p class="totop"><a href="#summary">back to summary</a></p>
<h3 id="m7">com.ul.qa.testcases.ValidateGiftCardEntry#selectCardTest</h3><table class="result"><tr><th>Exception</th></tr><tr><td><div class="stacktrace">org.openqa.selenium.NoSuchWindowException: no such window: target window already closed
from unknown error: web view not found
  (Session info: chrome=89.0.4389.82)
Build info: version: &apos;3.141.59&apos;, revision: &apos;e82be7d358&apos;, time: &apos;2018-11-14T08:17:03&apos;
System info: host: &apos;LAPTOP-7NUDA82T&apos;, ip: &apos;192.168.1.100&apos;, os.name: &apos;Windows 10&apos;, os.arch: &apos;amd64&apos;, os.version: &apos;10.0&apos;, java.version: &apos;15.0.2&apos;
Driver info: org.openqa.selenium.chrome.ChromeDriver
Capabilities {acceptInsecureCerts: false, browserName: chrome, browserVersion: 89.0.4389.82, chrome: {chromedriverVersion: 89.0.4389.23 (61b08ee2c5002..., userDataDir: C:\Users\HP\AppData\Local\T...}, goog:chromeOptions: {debuggerAddress: localhost:53593}, javascriptEnabled: true, networkConnectionEnabled: false, pageLoadStrategy: normal, platform: WINDOWS, platformName: WINDOWS, proxy: Proxy(), setWindowRect: true, strictFileInteractability: false, timeouts: {implicit: 0, pageLoad: 300000, script: 30000}, unhandledPromptBehavior: dismiss and notify, webauthn:extension:largeBlob: true, webauthn:virtualAuthenticators: true}
Session ID: e7884a3564856c0e85f91769d6acd9e3
*** Element info: {Using=xpath, value=//*[@id=&quot;app-container&quot;]/div/main/section/section[1]/ul/li[3]}
	at org.openqa.selenium.remote.http.W3CHttpResponseCodec.createException(W3CHttpResponseCodec.java:187)
	at org.openqa.selenium.remote.http.W3CHttpResponseCodec.decode(W3CHttpResponseCodec.java:122)
	at org.openqa.selenium.remote.http.W3CHttpResponseCodec.decode(W3CHttpResponseCodec.java:49)
	at org.openqa.selenium.remote.HttpCommandExecutor.execute(HttpCommandExecutor.java:158)
	at org.openqa.selenium.remote.service.DriverCommandExecutor.execute(DriverCommandExecutor.java:83)
	at org.openqa.selenium.remote.RemoteWebDriver.execute(RemoteWebDriver.java:552)
	at org.openqa.selenium.remote.RemoteWebDriver.findElement(RemoteWebDriver.java:323)
	at org.openqa.selenium.remote.RemoteWebDriver.findElementByXPath(RemoteWebDriver.java:428)
	at org.openqa.selenium.By$ByXPath.findElement(By.java:353)
	at org.openqa.selenium.remote.RemoteWebDriver.findElement(RemoteWebDriver.java:315)
	at com.ul.qa.pages.GiftCardPage.selectCard(GiftCardPage.java:76)
	at com.ul.qa.testcases.ValidateGiftCardEntry.selectCardTest(ValidateGiftCardEntry.java:58)
	at java.base/java.util.ArrayList.forEach(ArrayList.java:1511)
... Removed 32 stack frames</div></td></tr></table><p class="totop"><a href="#summary">back to summary</a></p>
<h3 id="m8">com.ul.qa.testcases.ValidateGiftCardEntry#senderNameTest</h3><table class="result"><tr><th>Exception</th></tr><tr><td><div class="stacktrace">org.openqa.selenium.NoSuchWindowException: no such window: target window already closed
from unknown error: web view not found
  (Session info: chrome=89.0.4389.82)
Build info: version: &apos;3.141.59&apos;, revision: &apos;e82be7d358&apos;, time: &apos;2018-11-14T08:17:03&apos;
System info: host: &apos;LAPTOP-7NUDA82T&apos;, ip: &apos;192.168.1.100&apos;, os.name: &apos;Windows 10&apos;, os.arch: &apos;amd64&apos;, os.version: &apos;10.0&apos;, java.version: &apos;15.0.2&apos;
Driver info: org.openqa.selenium.chrome.ChromeDriver
Capabilities {acceptInsecureCerts: false, browserName: chrome, browserVersion: 89.0.4389.82, chrome: {chromedriverVersion: 89.0.4389.23 (61b08ee2c5002..., userDataDir: C:\Users\HP\AppData\Local\T...}, goog:chromeOptions: {debuggerAddress: localhost:53593}, javascriptEnabled: true, networkConnectionEnabled: false, pageLoadStrategy: normal, platform: WINDOWS, platformName: WINDOWS, proxy: Proxy(), setWindowRect: true, strictFileInteractability: false, timeouts: {implicit: 0, pageLoad: 300000, script: 30000}, unhandledPromptBehavior: dismiss and notify, webauthn:extension:largeBlob: true, webauthn:virtualAuthenticators: true}
Session ID: e7884a3564856c0e85f91769d6acd9e3
*** Element info: {Using=xpath, value=//*[@id=&quot;ip_1082986083&quot;]}
	at org.openqa.selenium.remote.http.W3CHttpResponseCodec.createException(W3CHttpResponseCodec.java:187)
	at org.openqa.selenium.remote.http.W3CHttpResponseCodec.decode(W3CHttpResponseCodec.java:122)
	at org.openqa.selenium.remote.http.W3CHttpResponseCodec.decode(W3CHttpResponseCodec.java:49)
	at org.openqa.selenium.remote.HttpCommandExecutor.execute(HttpCommandExecutor.java:158)
	at org.openqa.selenium.remote.service.DriverCommandExecutor.execute(DriverCommandExecutor.java:83)
	at org.openqa.selenium.remote.RemoteWebDriver.execute(RemoteWebDriver.java:552)
	at org.openqa.selenium.remote.RemoteWebDriver.findElement(RemoteWebDriver.java:323)
	at org.openqa.selenium.remote.RemoteWebDriver.findElementByXPath(RemoteWebDriver.java:428)
	at org.openqa.selenium.By$ByXPath.findElement(By.java:353)
	at org.openqa.selenium.remote.RemoteWebDriver.findElement(RemoteWebDriver.java:315)
	at com.ul.qa.pages.GiftCardPage.enterSenderName(GiftCardPage.java:106)
	at com.ul.qa.testcases.ValidateGiftCardEntry.senderNameTest(ValidateGiftCardEntry.java:86)
	at java.base/java.util.ArrayList.forEach(ArrayList.java:1511)
... Removed 32 stack frames</div></td></tr></table><p class="totop"><a href="#summary">back to summary</a></p>
<h3 id="m9">com.ul.qa.testcases.ValidateGiftCardEntry#senderNoTest</h3><table class="result"><tr><th>Exception</th></tr><tr><td><div class="stacktrace">org.openqa.selenium.NoSuchWindowException: no such window: target window already closed
from unknown error: web view not found
  (Session info: chrome=89.0.4389.82)
Build info: version: &apos;3.141.59&apos;, revision: &apos;e82be7d358&apos;, time: &apos;2018-11-14T08:17:03&apos;
System info: host: &apos;LAPTOP-7NUDA82T&apos;, ip: &apos;192.168.1.100&apos;, os.name: &apos;Windows 10&apos;, os.arch: &apos;amd64&apos;, os.version: &apos;10.0&apos;, java.version: &apos;15.0.2&apos;
Driver info: org.openqa.selenium.chrome.ChromeDriver
Capabilities {acceptInsecureCerts: false, browserName: chrome, browserVersion: 89.0.4389.82, chrome: {chromedriverVersion: 89.0.4389.23 (61b08ee2c5002..., userDataDir: C:\Users\HP\AppData\Local\T...}, goog:chromeOptions: {debuggerAddress: localhost:53593}, javascriptEnabled: true, networkConnectionEnabled: false, pageLoadStrategy: normal, platform: WINDOWS, platformName: WINDOWS, proxy: Proxy(), setWindowRect: true, strictFileInteractability: false, timeouts: {implicit: 0, pageLoad: 300000, script: 30000}, unhandledPromptBehavior: dismiss and notify, webauthn:extension:largeBlob: true, webauthn:virtualAuthenticators: true}
Session ID: e7884a3564856c0e85f91769d6acd9e3
*** Element info: {Using=xpath, value=//*[@id=&quot;ip_2121573464&quot;]}
	at org.openqa.selenium.remote.http.W3CHttpResponseCodec.createException(W3CHttpResponseCodec.java:187)
	at org.openqa.selenium.remote.http.W3CHttpResponseCodec.decode(W3CHttpResponseCodec.java:122)
	at org.openqa.selenium.remote.http.W3CHttpResponseCodec.decode(W3CHttpResponseCodec.java:49)
	at org.openqa.selenium.remote.HttpCommandExecutor.execute(HttpCommandExecutor.java:158)
	at org.openqa.selenium.remote.service.DriverCommandExecutor.execute(DriverCommandExecutor.java:83)
	at org.openqa.selenium.remote.RemoteWebDriver.execute(RemoteWebDriver.java:552)
	at org.openqa.selenium.remote.RemoteWebDriver.findElement(RemoteWebDriver.java:323)
	at org.openqa.selenium.remote.RemoteWebDriver.findElementByXPath(RemoteWebDriver.java:428)
	at org.openqa.selenium.By$ByXPath.findElement(By.java:353)
	at org.openqa.selenium.remote.RemoteWebDriver.findElement(RemoteWebDriver.java:315)
	at com.ul.qa.pages.GiftCardPage.enterSenderNo(GiftCardPage.java:112)
	at com.ul.qa.testcases.ValidateGiftCardEntry.senderNoTest(ValidateGiftCardEntry.java:93)
	at java.base/java.util.ArrayList.forEach(ArrayList.java:1511)
... Removed 32 stack frames</div></td></tr></table><p class="totop"><a href="#summary">back to summary</a></p>
<h3 id="m10">com.ul.qa.testcases.ValidateBookDetails#tearDown</h3><table class="result"><tr><th class="invisible"/></tr></table><p class="totop"><a href="#summary">back to summary</a></p>
<h3 id="m11">com.ul.qa.testcases.ValidateChairDetails#tearDown</h3><table class="result"><tr><th class="invisible"/></tr></table><p class="totop"><a href="#summary">back to summary</a></p>
<h3 id="m12">com.ul.qa.testcases.ValidateBookDetails#RecommandationTest</h3><table class="result"><tr><th>Exception</th></tr><tr><td><div class="stacktrace">java.lang.NullPointerException: Cannot invoke &quot;org.openqa.selenium.WebDriver.manage()&quot; because &quot;com.ul.qa.base.TestBase.driver&quot; is null
	at com.ul.qa.base.TestBase.driver(TestBase.java:45)
	at com.ul.qa.testcases.ValidateBookDetails.initialiseSetUp(ValidateBookDetails.java:24)
	at java.base/java.util.ArrayList.forEach(ArrayList.java:1511)
... Removed 25 stack frames</div></td></tr></table><p class="totop"><a href="#summary">back to summary</a></p>
<h3 id="m13">com.ul.qa.testcases.ValidateBookDetails#bookDetailsTest</h3><table class="result"><tr><th>Exception</th></tr><tr><td><div class="stacktrace">java.lang.NullPointerException: Cannot invoke &quot;org.openqa.selenium.WebDriver.manage()&quot; because &quot;com.ul.qa.base.TestBase.driver&quot; is null
	at com.ul.qa.base.TestBase.driver(TestBase.java:45)
	at com.ul.qa.testcases.ValidateBookDetails.initialiseSetUp(ValidateBookDetails.java:24)
	at java.base/java.util.ArrayList.forEach(ArrayList.java:1511)
... Removed 25 stack frames</div></td></tr></table><p class="totop"><a href="#summary">back to summary</a></p>
<h3 id="m14">com.ul.qa.testcases.ValidateBookDetails#categoryTest</h3><table class="result"><tr><th>Exception</th></tr><tr><td><div class="stacktrace">java.lang.NullPointerException: Cannot invoke &quot;org.openqa.selenium.WebDriver.manage()&quot; because &quot;com.ul.qa.base.TestBase.driver&quot; is null
	at com.ul.qa.base.TestBase.driver(TestBase.java:45)
	at com.ul.qa.testcases.ValidateBookDetails.initialiseSetUp(ValidateBookDetails.java:24)
	at java.base/java.util.ArrayList.forEach(ArrayList.java:1511)
... Removed 25 stack frames</div></td></tr></table><p class="totop"><a href="#summary">back to summary</a></p>
<h3 id="m15">com.ul.qa.testcases.ValidateBookDetails#closePopUpTest</h3><table class="result"><tr><th>Exception</th></tr><tr><td><div class="stacktrace">java.lang.NullPointerException: Cannot invoke &quot;org.openqa.selenium.WebDriver.manage()&quot; because &quot;com.ul.qa.base.TestBase.driver&quot; is null
	at com.ul.qa.base.TestBase.driver(TestBase.java:45)
	at com.ul.qa.testcases.ValidateBookDetails.initialiseSetUp(ValidateBookDetails.java:24)
	at java.base/java.util.ArrayList.forEach(ArrayList.java:1511)
... Removed 25 stack frames</div></td></tr></table><p class="totop"><a href="#summary">back to summary</a></p>
<h3 id="m16">com.ul.qa.testcases.ValidateBookDetails#homePageTitleTest</h3><table class="result"><tr><th>Exception</th></tr><tr><td><div class="stacktrace">java.lang.NullPointerException: Cannot invoke &quot;org.openqa.selenium.WebDriver.manage()&quot; because &quot;com.ul.qa.base.TestBase.driver&quot; is null
	at com.ul.qa.base.TestBase.driver(TestBase.java:45)
	at com.ul.qa.testcases.ValidateBookDetails.initialiseSetUp(ValidateBookDetails.java:24)
	at java.base/java.util.ArrayList.forEach(ArrayList.java:1511)
... Removed 25 stack frames</div></td></tr></table><p class="totop"><a href="#summary">back to summary</a></p>
<h3 id="m17">com.ul.qa.testcases.ValidateBookDetails#outOfStockTest</h3><table class="result"><tr><th>Exception</th></tr><tr><td><div class="stacktrace">java.lang.NullPointerException: Cannot invoke &quot;org.openqa.selenium.WebDriver.manage()&quot; because &quot;com.ul.qa.base.TestBase.driver&quot; is null
	at com.ul.qa.base.TestBase.driver(TestBase.java:45)
	at com.ul.qa.testcases.ValidateBookDetails.initialiseSetUp(ValidateBookDetails.java:24)
	at java.base/java.util.ArrayList.forEach(ArrayList.java:1511)
... Removed 25 stack frames</div></td></tr></table><p class="totop"><a href="#summary">back to summary</a></p>
<h3 id="m18">com.ul.qa.testcases.ValidateBookDetails#searchBoxTest</h3><table class="result"><tr><th>Exception</th></tr><tr><td><div class="stacktrace">java.lang.NullPointerException: Cannot invoke &quot;org.openqa.selenium.WebDriver.manage()&quot; because &quot;com.ul.qa.base.TestBase.driver&quot; is null
	at com.ul.qa.base.TestBase.driver(TestBase.java:45)
	at com.ul.qa.testcases.ValidateBookDetails.initialiseSetUp(ValidateBookDetails.java:24)
	at java.base/java.util.ArrayList.forEach(ArrayList.java:1511)
... Removed 25 stack frames</div></td></tr></table><p class="totop"><a href="#summary">back to summary</a></p>
<h3 id="m19">com.ul.qa.testcases.ValidateBookDetails#searchButtonTest</h3><table class="result"><tr><th>Exception</th></tr><tr><td><div class="stacktrace">java.lang.NullPointerException: Cannot invoke &quot;org.openqa.selenium.WebDriver.manage()&quot; because &quot;com.ul.qa.base.TestBase.driver&quot; is null
	at com.ul.qa.base.TestBase.driver(TestBase.java:45)
	at com.ul.qa.testcases.ValidateBookDetails.initialiseSetUp(ValidateBookDetails.java:24)
	at java.base/java.util.ArrayList.forEach(ArrayList.java:1511)
... Removed 25 stack frames</div></td></tr></table><p class="totop"><a href="#summary">back to summary</a></p>
<h3 id="m20">com.ul.qa.testcases.ValidateBookDetails#storageTypeTest</h3><table class="result"><tr><th>Exception</th></tr><tr><td><div class="stacktrace">java.lang.NullPointerException: Cannot invoke &quot;org.openqa.selenium.WebDriver.manage()&quot; because &quot;com.ul.qa.base.TestBase.driver&quot; is null
	at com.ul.qa.base.TestBase.driver(TestBase.java:45)
	at com.ul.qa.testcases.ValidateBookDetails.initialiseSetUp(ValidateBookDetails.java:24)
	at java.base/java.util.ArrayList.forEach(ArrayList.java:1511)
... Removed 25 stack frames</div></td></tr></table><p class="totop"><a href="#summary">back to summary</a></p>
<h3 id="m21">com.ul.qa.testcases.ValidateChairDetails#chairDetailsTest</h3><table class="result"><tr><th>Exception</th></tr><tr><td><div class="stacktrace">java.lang.NullPointerException: Cannot invoke &quot;org.openqa.selenium.WebDriver.manage()&quot; because &quot;com.ul.qa.base.TestBase.driver&quot; is null
	at com.ul.qa.base.TestBase.driver(TestBase.java:45)
	at com.ul.qa.testcases.ValidateChairDetails.initialiseSetUp(ValidateChairDetails.java:24)
	at java.base/java.util.ArrayList.forEach(ArrayList.java:1511)
... Removed 25 stack frames</div></td></tr></table><p class="totop"><a href="#summary">back to summary</a></p>
<h3 id="m22">com.ul.qa.testcases.ValidateChairDetails#closePopUpTest</h3><table class="result"><tr><th>Exception</th></tr><tr><td><div class="stacktrace">java.lang.NullPointerException: Cannot invoke &quot;org.openqa.selenium.WebDriver.manage()&quot; because &quot;com.ul.qa.base.TestBase.driver&quot; is null
	at com.ul.qa.base.TestBase.driver(TestBase.java:45)
	at com.ul.qa.testcases.ValidateChairDetails.initialiseSetUp(ValidateChairDetails.java:24)
	at java.base/java.util.ArrayList.forEach(ArrayList.java:1511)
... Removed 25 stack frames</div></td></tr></table><p class="totop"><a href="#summary">back to summary</a></p>
<h3 id="m23">com.ul.qa.testcases.ValidateChairDetails#homePageTitleTest</h3><table class="result"><tr><th>Exception</th></tr><tr><td><div class="stacktrace">java.lang.NullPointerException: Cannot invoke &quot;org.openqa.selenium.WebDriver.manage()&quot; because &quot;com.ul.qa.base.TestBase.driver&quot; is null
	at com.ul.qa.base.TestBase.driver(TestBase.java:45)
	at com.ul.qa.testcases.ValidateChairDetails.initialiseSetUp(ValidateChairDetails.java:24)
	at java.base/java.util.ArrayList.forEach(ArrayList.java:1511)
... Removed 25 stack frames</div></td></tr></table><p class="totop"><a href="#summary">back to summary</a></p>
<h3 id="m24">com.ul.qa.testcases.ValidateChairDetails#searchBoxTest</h3><table class="result"><tr><th>Exception</th></tr><tr><td><div class="stacktrace">java.lang.NullPointerException: Cannot invoke &quot;org.openqa.selenium.WebDriver.manage()&quot; because &quot;com.ul.qa.base.TestBase.driver&quot; is null
	at com.ul.qa.base.TestBase.driver(TestBase.java:45)
	at com.ul.qa.testcases.ValidateChairDetails.initialiseSetUp(ValidateChairDetails.java:24)
	at java.base/java.util.ArrayList.forEach(ArrayList.java:1511)
... Removed 25 stack frames</div></td></tr></table><p class="totop"><a href="#summary">back to summary</a></p>
<h3 id="m25">com.ul.qa.testcases.ValidateChairDetails#searchButtonTest</h3><table class="result"><tr><th>Exception</th></tr><tr><td><div class="stacktrace">java.lang.NullPointerException: Cannot invoke &quot;org.openqa.selenium.WebDriver.manage()&quot; because &quot;com.ul.qa.base.TestBase.driver&quot; is null
	at com.ul.qa.base.TestBase.driver(TestBase.java:45)
	at com.ul.qa.testcases.ValidateChairDetails.initialiseSetUp(ValidateChairDetails.java:24)
	at java.base/java.util.ArrayList.forEach(ArrayList.java:1511)
... Removed 25 stack frames</div></td></tr></table><p class="totop"><a href="#summary">back to summary</a></p>
<h3 id="m26">com.ul.qa.testcases.ValidateGiftCardEntry#GiftCardButtonTest</h3><table class="result"><tr><th class="invisible"/></tr></table><p class="totop"><a href="#summary">back to summary</a></p>
<h3 id="m27">com.ul.qa.testcases.ValidateGiftCardEntry#closePopUpTest</h3><table class="result"><tr><th class="invisible"/></tr></table><p class="totop"><a href="#summary">back to summary</a></p>
<h3 id="m28">com.ul.qa.testcases.ValidateGiftCardEntry#homePageTitleTest</h3><table class="result"><tr><th class="invisible"/></tr></table><p class="totop"><a href="#summary">back to summary</a></p>
<h3 id="m29">com.ul.qa.testcases.ValidateSubMenu#CollectionButtonTest</h3><table class="result"><tr><th class="invisible"/></tr></table><p class="totop"><a href="#summary">back to summary</a></p>
<h3 id="m30">com.ul.qa.testcases.ValidateSubMenu#closePopUpTest</h3><table class="result"><tr><th class="invisible"/></tr></table><p class="totop"><a href="#summary">back to summary</a></p>
<h3 id="m31">com.ul.qa.testcases.ValidateSubMenu#homePageTitleTest</h3><table class="result"><tr><th class="invisible"/></tr></table><p class="totop"><a href="#summary">back to summary</a></p>
<h3 id="m32">com.ul.qa.testcases.ValidateSubMenu#subMenuTest</h3><table class="result"><tr><th>Messages</th></tr><tr><td><div class="messages">
The submenu list from 'Being at home' column:<br/>Study Chairs<br/>Study Tables<br/>Study Lamps<br/>Study Sets<br/>Sofa Beds<br/>Accent Chairs<br/>Loveseats<br/>Floor Lamps<br/>Day Beds<br/>Outdoor Tables<br/>Balcony Swings<br/>Balcony Chairs<br/>Ottomans</div></td></tr></table><p class="totop"><a href="#summary">back to summary</a></p>
</body>
</html>
